{"name": "Product can be added to cart and displayed correctly", "status": "broken", "statusDetails": {"message": "selenium.common.exceptions.UnexpectedAlertPresentException: Alert Text: Please fill out Username and Password.\nMessage: unexpected alert open: {Alert text : Please fill out Username and Password.}\n  (Session info: chrome=144.0.7559.133)\nStacktrace:\nSymbols not available. Dumping unresolved backtrace:\n\t0x7ff6c2a2f3d5\n\t0x7ff6c2a2f430\n\t0x7ff6c27d10bd\n\t0x7ff6c287a761\n\t0x7ff6c281cb0c\n\t0x7ff6c281da53\n\t0x7ff6c2d0b470\n\t0x7ff6c2d0586d\n\t0x7ff6c2d2621a\n\t0x7ff6c2a4b235\n\t0x7ff6c2a53a5c\n\t0x7ff6c2a38844\n\t0x7ff6c2a389f6\n\t0x7ff6c2a1eb87\n\t0x7ffbc5fee8d7\n\t0x7ffbc7a4c40c", "trace": "driver = <selenium.webdriver.chrome.webdriver.WebDriver (session=\"ef074b49157410aa662b8bd52ade33e7\")>\n\n    @allure.feature(\"Cart Functionality\")\n    @allure.title(\"Product can be added to cart and displayed correctly\")\n    @allure.severity(allure.severity_level.CRITICAL)\n    def test_add_product_to_cart(driver):\n        with allure.step(\"Login\"):\n            # Login first\n            home = HomePage(driver)\n            home.open()\n            home.go_to_login()\n            login = LoginPage(driver)\n            login.login(VALID_USER[\"email\"], VALID_USER[\"password\"])\n    \n        with allure.step(f\"Click on product '{PRODUCT_NAME}'\"):\n            # Select product and add to cart\n>           home.click_product_by_name(PRODUCT_NAME)\n\ntests\\test_cart.py:27: \n_ _ _ _ _ _ _ _ _ _ _ _ _ _ _ _ _ _ _ _ _ _ _ _ _ _ _ _ _ _ _ _ _ _ _ _ _ _ _ _ _ _ _ _ _ _ _ _ _ _ _ _ _ _ _ _ _ _ _ _ _ _ _ _ _ _ _ _ _ _ _ _ _ _ _ _ _ _ _ _ _ _ _ _ _ _ _ _ _ _ _ _ _ _ _ _ _ _ _ _ \npages\\home_page.py:61: in click_product_by_name\n    element = self.wait.until(EC.presence_of_element_located(product))\n              ^^^^^^^^^^^^^^^^^^^^^^^^^^^^^^^^^^^^^^^^^^^^^^^^^^^^^^^^\nvenv\\Lib\\site-packages\\selenium\\webdriver\\support\\wait.py:112: in until\n    value = method(self._driver)\n            ^^^^^^^^^^^^^^^^^^^^\nvenv\\Lib\\site-packages\\selenium\\webdriver\\support\\expected_conditions.py:92: in _predicate\n    return driver.find_element(*locator)\n           ^^^^^^^^^^^^^^^^^^^^^^^^^^^^^\nvenv\\Lib\\site-packages\\selenium\\webdriver\\remote\\webdriver.py:816: in find_element\n    return self.execute(Command.FIND_ELEMENT, {\"using\": by, \"value\": value})[\"value\"]\n           ^^^^^^^^^^^^^^^^^^^^^^^^^^^^^^^^^^^^^^^^^^^^^^^^^^^^^^^^^^^^^^^^^\nvenv\\Lib\\site-packages\\selenium\\webdriver\\remote\\webdriver.py:446: in execute\n    self.error_handler.check_response(response)\n_ _ _ _ _ _ _ _ _ _ _ _ _ _ _ _ _ _ _ _ _ _ _ _ _ _ _ _ _ _ _ _ _ _ _ _ _ _ _ _ _ _ _ _ _ _ _ _ _ _ _ _ _ _ _ _ _ _ _ _ _ _ _ _ _ _ _ _ _ _ _ _ _ _ _ _ _ _ _ _ _ _ _ _ _ _ _ _ _ _ _ _ _ _ _ _ _ _ _ _ \n\nself = <selenium.webdriver.remote.errorhandler.ErrorHandler object at 0x0000029AB5890450>\nresponse = {'status': 500, 'value': '{\"value\":{\"data\":{\"text\":\"Please fill out Username and Password.\"},\"error\":\"unexpected alert...ff6c2a53a5c\\\\n\\\\t0x7ff6c2a38844\\\\n\\\\t0x7ff6c2a389f6\\\\n\\\\t0x7ff6c2a1eb87\\\\n\\\\t0x7ffbc5fee8d7\\\\n\\\\t0x7ffbc7a4c40c\\\\n\"}}'}\n\n    def check_response(self, response: dict[str, Any]) -> None:\n        \"\"\"Check that a JSON response from the WebDriver does not have an error.\n    \n        Args:\n            response: The JSON response from the WebDriver server as a dictionary\n                object.\n    \n        Raises:\n            WebDriverException: If the response contains an error message.\n        \"\"\"\n        status = response.get(\"status\", None)\n        if not status or status == ErrorCode.SUCCESS:\n            return\n        value = None\n        message = response.get(\"message\", \"\")\n        screen: str = response.get(\"screen\", \"\")\n        stacktrace = None\n        if isinstance(status, int):\n            value_json = response.get(\"value\", None)\n            if value_json and isinstance(value_json, str):\n                try:\n                    value = json.loads(value_json)\n                    if isinstance(value, dict):\n                        if len(value) == 1:\n                            value = value[\"value\"]\n                        status = value.get(\"error\", None)\n                        if not status:\n                            status = value.get(\"status\", ErrorCode.UNKNOWN_ERROR)\n                            message = value.get(\"value\") or value.get(\"message\")\n                            if not isinstance(message, str):\n                                value = message\n                                message = message.get(\"message\") if isinstance(message, dict) else None\n                        else:\n                            message = value.get(\"message\", None)\n                except ValueError:\n                    pass\n    \n        exception_class: type[WebDriverException]\n        e = ErrorCode()\n        error_codes = [item for item in dir(e) if not item.startswith(\"__\")]\n        for error_code in error_codes:\n            error_info = getattr(ErrorCode, error_code)\n            if isinstance(error_info, list) and status in error_info:\n                exception_class = getattr(ExceptionMapping, error_code, WebDriverException)\n                break\n        else:\n            exception_class = WebDriverException\n    \n        if not value:\n            value = response[\"value\"]\n        if isinstance(value, str):\n            raise exception_class(value)\n        if message == \"\" and \"message\" in value:\n            message = value[\"message\"]\n    \n        screen = None  # type: ignore[assignment]\n        if \"screen\" in value:\n            screen = value[\"screen\"]\n    \n        stacktrace = None\n        st_value = value.get(\"stackTrace\") or value.get(\"stacktrace\")\n        if st_value:\n            if isinstance(st_value, str):\n                stacktrace = st_value.split(\"\\n\")\n            else:\n                stacktrace = []\n                try:\n                    for frame in st_value:\n                        line = frame.get(\"lineNumber\", \"\")\n                        file = frame.get(\"fileName\", \"<anonymous>\")\n                        if line:\n                            file = f\"{file}:{line}\"\n                        meth = frame.get(\"methodName\", \"<anonymous>\")\n                        if \"className\" in frame:\n                            meth = f\"{frame['className']}.{meth}\"\n                        msg = \"    at %s (%s)\"\n                        msg = msg % (meth, file)\n                        stacktrace.append(msg)\n                except TypeError:\n                    pass\n        if exception_class == UnexpectedAlertPresentException:\n            alert_text = None\n            if \"data\" in value:\n                alert_text = value[\"data\"].get(\"text\")\n            elif \"alert\" in value:\n                alert_text = value[\"alert\"].get(\"text\")\n>           raise exception_class(message, screen, stacktrace, alert_text)  # type: ignore[call-arg]  # mypy is not smart enough here\n            ^^^^^^^^^^^^^^^^^^^^^^^^^^^^^^^^^^^^^^^^^^^^^^^^^^^^^^^^^^^^^^\nE           selenium.common.exceptions.UnexpectedAlertPresentException: Alert Text: Please fill out Username and Password.\nE           Message: unexpected alert open: {Alert text : Please fill out Username and Password.}\nE             (Session info: chrome=144.0.7559.133)\nE           Stacktrace:\nE           Symbols not available. Dumping unresolved backtrace:\nE           \t0x7ff6c2a2f3d5\nE           \t0x7ff6c2a2f430\nE           \t0x7ff6c27d10bd\nE           \t0x7ff6c287a761\nE           \t0x7ff6c281cb0c\nE           \t0x7ff6c281da53\nE           \t0x7ff6c2d0b470\nE           \t0x7ff6c2d0586d\nE           \t0x7ff6c2d2621a\nE           \t0x7ff6c2a4b235\nE           \t0x7ff6c2a53a5c\nE           \t0x7ff6c2a38844\nE           \t0x7ff6c2a389f6\nE           \t0x7ff6c2a1eb87\nE           \t0x7ffbc5fee8d7\nE           \t0x7ffbc7a4c40c\n\nvenv\\Lib\\site-packages\\selenium\\webdriver\\remote\\errorhandler.py:231: UnexpectedAlertPresentException"}, "steps": [{"name": "Login", "status": "passed", "start": 1771946964800, "stop": 1771946967866}, {"name": "Click on product 'Samsung galaxy s6'", "status": "broken", "statusDetails": {"message": "selenium.common.exceptions.UnexpectedAlertPresentException: Alert Text: Please fill out Username and Password.\nMessage: unexpected alert open: {Alert text : Please fill out Username and Password.}\n  (Session info: chrome=144.0.7559.133)\nStacktrace:\nSymbols not available. Dumping unresolved backtrace:\n\t0x7ff6c2a2f3d5\n\t0x7ff6c2a2f430\n\t0x7ff6c27d10bd\n\t0x7ff6c287a761\n\t0x7ff6c281cb0c\n\t0x7ff6c281da53\n\t0x7ff6c2d0b470\n\t0x7ff6c2d0586d\n\t0x7ff6c2d2621a\n\t0x7ff6c2a4b235\n\t0x7ff6c2a53a5c\n\t0x7ff6c2a38844\n\t0x7ff6c2a389f6\n\t0x7ff6c2a1eb87\n\t0x7ffbc5fee8d7\n\t0x7ffbc7a4c40c\n\n", "trace": "  File \"C:\\Users\\DELL\\Desktop\\Software_testing\\Training-2\\tests\\test_cart.py\", line 27, in test_add_product_to_cart\n    home.click_product_by_name(PRODUCT_NAME)\n  File \"C:\\Users\\DELL\\Desktop\\Software_testing\\Training-2\\pages\\home_page.py\", line 61, in click_product_by_name\n    element = self.wait.until(EC.presence_of_element_located(product))\n              ^^^^^^^^^^^^^^^^^^^^^^^^^^^^^^^^^^^^^^^^^^^^^^^^^^^^^^^^\n  File \"C:\\Users\\DELL\\Desktop\\Software_testing\\Training-2\\venv\\Lib\\site-packages\\selenium\\webdriver\\support\\wait.py\", line 112, in until\n    value = method(self._driver)\n            ^^^^^^^^^^^^^^^^^^^^\n  File \"C:\\Users\\DELL\\Desktop\\Software_testing\\Training-2\\venv\\Lib\\site-packages\\selenium\\webdriver\\support\\expected_conditions.py\", line 92, in _predicate\n    return driver.find_element(*locator)\n           ^^^^^^^^^^^^^^^^^^^^^^^^^^^^^\n  File \"C:\\Users\\DELL\\Desktop\\Software_testing\\Training-2\\venv\\Lib\\site-packages\\selenium\\webdriver\\remote\\webdriver.py\", line 816, in find_element\n    return self.execute(Command.FIND_ELEMENT, {\"using\": by, \"value\": value})[\"value\"]\n           ^^^^^^^^^^^^^^^^^^^^^^^^^^^^^^^^^^^^^^^^^^^^^^^^^^^^^^^^^^^^^^^^^\n  File \"C:\\Users\\DELL\\Desktop\\Software_testing\\Training-2\\venv\\Lib\\site-packages\\selenium\\webdriver\\remote\\webdriver.py\", line 446, in execute\n    self.error_handler.check_response(response)\n  File \"C:\\Users\\DELL\\Desktop\\Software_testing\\Training-2\\venv\\Lib\\site-packages\\selenium\\webdriver\\remote\\errorhandler.py\", line 231, in check_response\n    raise exception_class(message, screen, stacktrace, alert_text)  # type: ignore[call-arg]  # mypy is not smart enough here\n    ^^^^^^^^^^^^^^^^^^^^^^^^^^^^^^^^^^^^^^^^^^^^^^^^^^^^^^^^^^^^^^\n"}, "start": 1771946967866, "stop": 1771946972878}], "attachments": [{"name": "test_add_product_to_cart_screenshot", "source": "40eb5456-bd7b-47fd-b24e-6d52da6c690c-attachment.png", "type": "image/png"}], "start": 1771946964800, "stop": 1771946972898, "uuid": "76dc9103-c46f-4583-af17-0fb1c36ea68e", "historyId": "b2d728dbd8a553eb719d2d26cdfb767b", "testCaseId": "b2d728dbd8a553eb719d2d26cdfb767b", "fullName": "tests.test_cart#test_add_product_to_cart", "labels": [{"name": "severity", "value": "critical"}, {"name": "feature", "value": "Cart Functionality"}, {"name": "parentSuite", "value": "tests"}, {"name": "suite", "value": "test_cart"}, {"name": "host", "value": "DESKTOP-CMFGUP4"}, {"name": "thread", "value": "7964-MainThread"}, {"name": "framework", "value": "pytest"}, {"name": "language", "value": "cpython3"}, {"name": "package", "value": "tests.test_cart"}], "titlePath": ["tests", "test_cart.py"]}